<?xml version="1.0" encoding="UTF-8"?>
<!-- Generated by org.testng.reporters.JUnitReportReporter -->
<testsuite hostname="Star-PC" failures="0" tests="3" name="com.ddf.test.LoginTest.loginTest_v1" time="147.638" errors="0" timestamp="2021-10-09T14:23:35 IST" skipped="0">
  <testcase classname="com.ddf.test.LoginTest.loginTest_v1" name="testTwo" time="40.845"/>
  <system-out/>
  <testcase classname="com.ddf.test.LoginTest.loginTest_v1" name="testOne" time="87.953"/>
  <system-out/>
  <testcase classname="com.ddf.test.LoginTest.loginTest_v1" name="testThree" time="18.840"/>
  <system-out/>
</testsuite> <!-- com.ddf.test.LoginTest.loginTest_v1 -->
