<?xml version="1.0" encoding="UTF-8"?>
<!-- Generated by org.testng.reporters.JUnitReportReporter -->
<testsuite hostname="Star-PC" failures="0" tests="1" name="com.ddf.test.LoginTest.loginTest_v4" time="66.200" errors="0" timestamp="2021-10-11T15:16:45 IST" skipped="0">
  <testcase classname="com.ddf.test.LoginTest.loginTest_v4" name="testOne" time="66.200"/>
  <system-out/>
</testsuite> <!-- com.ddf.test.LoginTest.loginTest_v4 -->
