<?xml version="1.0" encoding="UTF-8"?>
<!-- Generated by org.testng.reporters.JUnitReportReporter -->
<testsuite hostname="Star-PC" failures="0" tests="3" name="com.ddf.test.LoginTest.loginTest_v2" time="134.108" errors="0" timestamp="2021-10-09T14:56:53 IST" skipped="0">
  <testcase classname="com.ddf.test.LoginTest.loginTest_v2" name="testTwo" time="38.225"/>
  <system-out/>
  <testcase classname="com.ddf.test.LoginTest.loginTest_v2" name="testOne" time="54.047"/>
  <system-out/>
  <testcase classname="com.ddf.test.LoginTest.loginTest_v2" name="testThree" time="41.836"/>
  <system-out/>
</testsuite> <!-- com.ddf.test.LoginTest.loginTest_v2 -->
